mode: set
elizebch/elizeutils/elizeutils.go:13.24,14.16 1 0
elizebch/elizeutils/elizeutils.go:14.16,16.3 1 0
elizebch/elizeutils/elizeutils.go:19.39,24.2 4 0
elizebch/elizeutils/elizeutils.go:26.54,28.2 1 0
elizebch/elizeutils/elizeutils.go:30.40,32.2 1 0
elizebch/elizeutils/elizeutils.go:34.44,36.16 2 1
elizebch/elizeutils/elizeutils.go:39.2,39.13 1 1
elizebch/elizeutils/elizeutils.go:36.16,38.3 1 1
elizebch/elizeutils/elizeutils.go:42.35,46.2 3 0
elizebch/elizebch/block.go:29.44,38.2 5 1
elizebch/elizebch/block.go:40.24,43.46 3 1
elizebch/elizebch/block.go:47.2,49.22 3 1
elizebch/elizebch/block.go:43.46,46.3 2 1
elizebch/elizebch/block.go:52.33,53.19 1 1
elizebch/elizebch/block.go:53.19,55.3 1 1
elizebch/elizebch/block.go:55.8,55.40 1 1
elizebch/elizebch/block.go:55.40,57.3 1 0
elizebch/elizebch/block.go:57.8,59.3 1 1
elizebch/elizebch/block.go:62.41,66.44 4 0
elizebch/elizebch/block.go:66.44,69.3 2 0
elizebch/elizebch/block.go:69.8,69.51 1 0
elizebch/elizebch/block.go:69.51,72.3 2 0
elizebch/elizebch/block.go:75.45,78.17 3 1
elizebch/elizebch/block.go:78.17,80.3 1 1
elizebch/elizebch/block.go:80.8,83.3 2 0
elizebch/elizebch/block.go:86.26,88.16 2 1
elizebch/elizebch/block.go:91.2,92.6 2 0
elizebch/elizebch/block.go:99.2,99.18 1 0
elizebch/elizebch/block.go:88.16,90.3 1 1
elizebch/elizebch/block.go:92.6,94.17 2 0
elizebch/elizebch/block.go:97.3,97.45 1 0
elizebch/elizebch/block.go:94.17,95.9 1 0
elizebch/elizebch/block.go:102.29,104.40 2 1
elizebch/elizebch/block.go:107.2,109.30 3 1
elizebch/elizebch/block.go:104.40,106.3 1 1
elizebch/elizebch/chain.go:31.34,32.21 1 1
elizebch/elizebch/chain.go:43.2,43.14 1 1
elizebch/elizebch/chain.go:32.21,35.23 3 1
elizebch/elizebch/chain.go:35.23,38.4 2 1
elizebch/elizebch/chain.go:38.9,41.4 2 0
elizebch/elizebch/chain.go:46.48,48.2 1 0
elizebch/elizebch/chain.go:50.40,58.2 6 1
elizebch/elizebch/chain.go:60.50,69.37 9 0
elizebch/elizebch/chain.go:72.2,72.39 1 0
elizebch/elizebch/chain.go:69.37,71.3 1 0
elizebch/elizebch/chain.go:75.52,88.43 10 0
elizebch/elizebch/chain.go:88.43,90.9 2 0
elizebch/elizebch/chain.go:90.9,92.4 1 0
elizebch/elizebch/transaction.go:49.30,50.20 1 1
elizebch/elizebch/transaction.go:55.2,55.10 1 1
elizebch/elizebch/transaction.go:50.20,54.3 1 1
elizebch/elizebch/transaction.go:58.22,60.2 1 1
elizebch/elizebch/transaction.go:62.35,75.2 3 1
elizebch/elizebch/transaction.go:77.49,80.30 3 0
elizebch/elizebch/transaction.go:100.2,100.16 1 0
elizebch/elizebch/transaction.go:80.30,81.33 1 0
elizebch/elizebch/transaction.go:89.3,89.39 1 0
elizebch/elizebch/transaction.go:81.33,82.36 1 0
elizebch/elizebch/transaction.go:85.4,85.64 1 0
elizebch/elizebch/transaction.go:82.36,83.10 1 0
elizebch/elizebch/transaction.go:85.64,87.5 1 0
elizebch/elizebch/transaction.go:89.39,90.32 1 0
elizebch/elizebch/transaction.go:90.32,91.47 1 0
elizebch/elizebch/transaction.go:91.47,93.30 2 0
elizebch/elizebch/transaction.go:93.30,95.7 1 0
elizebch/elizebch/transaction.go:103.47,106.33 3 0
elizebch/elizebch/transaction.go:109.2,109.23 1 0
elizebch/elizebch/transaction.go:106.33,108.3 1 0
elizebch/elizebch/transaction.go:112.60,113.37 1 0
elizebch/elizebch/transaction.go:116.2,124.33 3 0
elizebch/elizebch/transaction.go:131.2,131.45 1 0
elizebch/elizebch/transaction.go:136.2,145.13 6 0
elizebch/elizebch/transaction.go:148.2,148.16 1 0
elizebch/elizebch/transaction.go:113.37,115.3 1 0
elizebch/elizebch/transaction.go:124.33,125.22 1 0
elizebch/elizebch/transaction.go:128.3,129.26 2 0
elizebch/elizebch/transaction.go:125.22,126.9 1 0
elizebch/elizebch/transaction.go:131.45,134.3 2 0
elizebch/elizebch/transaction.go:145.13,147.3 1 0
elizebch/elizebch/transaction.go:151.66,153.16 2 0
elizebch/elizebch/transaction.go:156.2,157.19 2 0
elizebch/elizebch/transaction.go:153.16,155.3 1 0
elizebch/elizebch/transaction.go:160.39,163.40 2 0
elizebch/elizebch/transaction.go:171.2,171.14 1 0
elizebch/elizebch/transaction.go:163.40,164.33 1 0
elizebch/elizebch/transaction.go:164.33,165.62 1 0
elizebch/elizebch/transaction.go:165.62,167.16 2 0
elizebch/elizebch/transaction.go:174.21,176.35 2 0
elizebch/elizebch/transaction.go:179.2,179.12 1 0
elizebch/elizebch/transaction.go:176.35,178.3 1 0
elizebch/elizebch/transaction.go:182.31,183.30 1 0
elizebch/elizebch/transaction.go:188.2,188.12 1 0
elizebch/elizebch/transaction.go:183.30,184.20 1 0
elizebch/elizebch/transaction.go:184.20,186.4 1 0
elizebch/elizebch/transaction.go:191.21,192.31 1 0
elizebch/elizebch/transaction.go:192.31,194.3 1 0
elizebch/elizebch/transaction.go:197.27,199.31 2 0
elizebch/elizebch/transaction.go:211.2,211.15 1 0
elizebch/elizebch/transaction.go:199.31,201.20 2 0
elizebch/elizebch/transaction.go:205.3,207.13 3 0
elizebch/elizebch/transaction.go:201.20,203.9 2 0
elizebch/elizebch/transaction.go:207.13,208.9 1 0
elizebch/elizebch/transaction.go:214.36,218.2 3 0
